<?xml version="1.0" encoding="UTF-8"?>
<!-- Generated by org.testng.reporters.JUnitXMLReporter -->
<testsuite hostname="PC4121" ignored="0" tests="1" failures="1" timestamp="2021-08-13T15:52:42 IST" time="6.813" errors="0">
  <testcase name="reports2" time="0.032" classname="TestNGReports2">
    <failure type="java.lang.AssertionError" message="expected [Tools QA  How To Generate TestNG Reports and How to use with Selenium?] but found [Tools QA - How To Generate TestNG Reports and How to use with Selenium?]">
      <![CDATA[java.lang.AssertionError: expected [Tools QA  How To Generate TestNG Reports and How to use with Selenium?] but found [Tools QA - How To Generate TestNG Reports and How to use with Selenium?]
at TestNGReports2.reports2(TestNGReports.java:47)
at java.util.ArrayList.forEach(Unknown Source)
... Removed 32 stack frames]]>
    </failure>
  </testcase> <!-- reports2 -->
</testsuite>
